Arguments: 
  C:\Program Files\nodejs\node.exe C:\Program Files (x86)\Yarn\bin\yarn.js add TypeScript

PATH: 
  C:\Python39\Scripts\;C:\Python39\;C:\WINDOWS\system32;C:\WINDOWS;C:\WINDOWS\System32\Wbem;C:\WINDOWS\System32\WindowsPowerShell\v1.0\;C:\WINDOWS\System32\OpenSSH\;C:\Program Files\nodejs\;C:\ProgramData\chocolatey\bin;C:\Program Files\Git\cmd;C:\Program Files (x86)\Yarn\bin\;C:\Users\Success\AppData\Roaming\Python\Python39\Scripts;C:\Program Files (x86)\IBE Software\HelpNDoc 7;C:\Program Files (x86)\IBE Software\HelpNDoc 4;C:\Program Files\TortoiseSVN\bin;C:\Program Files (x86)\Subversion\bin;C:\tools\php74;C:\ProgramData\ComposerSetup\bin;C:\Program Files\mingw-w64\x86_64-8.1.0-posix-seh-rt_v6-rev0\mingw64\bin;C:\MinGW\bin;C:\Program Files\dotnet\;C:\Program Files\MySQL\MySQL Shell 8.0\bin\;C:\Users\Success\.cargo\bin;C:\Users\Success\AppData\Local\Microsoft\WindowsApps;C:\Users\Success\AppData\Local\Programs\Microsoft VS Code\bin;C:\Users\Success\AppData\Roaming\npm;C:\Users\Success\AppData\Local\Yarn\bin;C:\tools\neovim\Neovim\bin;C:\xharbour\bin;C:\Users\Success\AppData\Roaming\Composer\vendor\bin;C:\Users\Success\.dotnet\tools;C:\Users\Success\AppData\Local\GitHubDesktop\bin

Yarn version: 
  1.22.5

Node version: 
  14.15.1

Platform: 
  win32 x64

Trace: 
  Error: https://registry.yarnpkg.com/TypeScript: Not found
      at Request.params.callback [as _callback] (C:\Program Files (x86)\Yarn\lib\cli.js:66097:18)
      at Request.self.callback (C:\Program Files (x86)\Yarn\lib\cli.js:140749:22)
      at Request.emit (events.js:315:20)
      at Request.<anonymous> (C:\Program Files (x86)\Yarn\lib\cli.js:141721:10)
      at Request.emit (events.js:315:20)
      at IncomingMessage.<anonymous> (C:\Program Files (x86)\Yarn\lib\cli.js:141643:12)
      at Object.onceWrapper (events.js:421:28)
      at IncomingMessage.emit (events.js:327:22)
      at endReadableNT (_stream_readable.js:1327:12)
      at processTicksAndRejections (internal/process/task_queues.js:80:21)

npm manifest: 
  {
    "dependencies": {
      "synaptic": "^1.1.4",
      "tsc": "^2.0.3"
    },
    "devDependencies": {
      "@types/synaptic": "^1.0.4"
    }
  }

yarn manifest: 
  No manifest

Lockfile: 
  # THIS IS AN AUTOGENERATED FILE. DO NOT EDIT THIS FILE DIRECTLY.
  # yarn lockfile v1
  
  
  "@types/synaptic@^1.0.4":
    version "1.0.4"
    resolved "https://registry.yarnpkg.com/@types/synaptic/-/synaptic-1.0.4.tgz#56b6d02d70bc49d391956dea74fdd91c65e24665"
    integrity sha512-Fsdgy6ttcLFSgldqOkFH0c56w2eNo/cyWxgQPOJ69Z5UWmCLT9VkQz0kWfMkW0jLME+Idz6TkCrZmN3wtdB/gg==
  
  synaptic@^1.1.4:
    version "1.1.4"
    resolved "https://registry.yarnpkg.com/synaptic/-/synaptic-1.1.4.tgz#b058163e2e86a3f86fc964ab792496c0642c13d7"
    integrity sha512-JFtU98VDFI0uBTowgySo+UUEkc7rSVHaxx9D6dR5BK6u81G7uAxcp32Gi2SHciLpFbvJVd1Pfz7aqSNQO4EH9Q==
  
  tsc@^2.0.3:
    version "2.0.3"
    resolved "https://registry.yarnpkg.com/tsc/-/tsc-2.0.3.tgz#037fe579e3bd67a5cbdaa604b43c6c1991b04bef"
    integrity sha512-SN+9zBUtrpUcOpaUO7GjkEHgWtf22c7FKbKCA4e858eEM7Qz86rRDpgOU2lBIDf0fLCsEg65ms899UMUIB2+Ow==
